[0.004s] Invoking command in '/root/my_ros_bot/workspace/build/robot_simulation': /usr/bin/cmake /root/my_ros_bot/workspace/src/robot_simulation -DCMAKE_INSTALL_PREFIX=/root/my_ros_bot/workspace/install/robot_simulation
[0.129s] -- The C compiler identification is GNU 11.4.0
[0.194s] -- The CXX compiler identification is GNU 11.4.0
[0.200s] -- Detecting C compiler ABI info
[0.272s] -- Detecting C compiler ABI info - done
[0.279s] -- Check for working C compiler: /usr/bin/cc - skipped
[0.279s] -- Detecting C compile features
[0.279s] -- Detecting C compile features - done
[0.281s] -- Detecting CXX compiler ABI info
[0.342s] -- Detecting CXX compiler ABI info - done
[0.346s] -- Check for working CXX compiler: /usr/bin/c++ - skipped
[0.346s] -- Detecting CXX compile features
[0.346s] -- Detecting CXX compile features - done
[0.356s] -- Configuring incomplete, errors occurred!
[0.356s] See also "/root/my_ros_bot/workspace/build/robot_simulation/CMakeFiles/CMakeOutput.log".
[0.356s] [31mCMake Error at CMakeLists.txt:34 (find_package):
[0.356s]   By not providing "Findament_cmake_auto.cmake" in CMAKE_MODULE_PATH this
[0.356s]   project has asked CMake to find a package configuration file provided by
[0.357s]   "ament_cmake_auto", but CMake did not find one.
[0.357s] 
[0.357s]   Could not find a package configuration file provided by "ament_cmake_auto"
[0.357s]   with any of the following names:
[0.357s] 
[0.357s]     ament_cmake_autoConfig.cmake
[0.357s]     ament_cmake_auto-config.cmake
[0.357s] 
[0.357s]   Add the installation prefix of "ament_cmake_auto" to CMAKE_PREFIX_PATH or
[0.357s]   set "ament_cmake_auto_DIR" to a directory containing one of the above
[0.357s]   files.  If "ament_cmake_auto" provides a separate development package or
[0.357s]   SDK, be sure it has been installed.
[0.357s] 
[0.357s] [0m
[0.359s] Invoked command in '/root/my_ros_bot/workspace/build/robot_simulation' returned '1': /usr/bin/cmake /root/my_ros_bot/workspace/src/robot_simulation -DCMAKE_INSTALL_PREFIX=/root/my_ros_bot/workspace/install/robot_simulation
